New log file opened at Fri Oct 28 15:19:21 IST 2016 by 15194@zemoso-Lenovo-G580
Taking next connection to: 34161
New client attempting to connect on port: 44502-34161
  Address = /127.0.1.1:34161
This client on port 44502 has uuid 0d6917ed-025b-4ff0-8dd4-e0cbaea86f4d configName activator humanReadableName Activator protocolVersion 3 featureTags Vector()
Connected Clients: activator-0d6917ed-025b-4ff0-8dd4-e0cbaea86f4d
Taking next connection to: 34161
New client attempting to connect on port: 44504-34161
  Address = /127.0.1.1:34161
Handshake exception on socket: 44504
sbt.impl.ipc.HandshakeException: Unable to perform handshake
	at sbt.impl.ipc.Peer.handshake(IPC.scala:46)
	at sbt.impl.ipc.MultiClientServer.<init>(IPC.scala:150)
	at sbt.server.SbtServerSocketHandler$$anon$1.run(SbtServerSocketHandler.scala:43)
Caused by: java.io.EOFException
	at java.io.DataInputStream.readInt(DataInputStream.java:392)
	at sbt.impl.ipc.Peer.receive(IPC.scala:95)
	at sbt.impl.ipc.Peer.handshake(IPC.scala:49)
	... 2 more
Taking next connection to: 34161
New client attempting to connect on port: 44506-34161
  Address = /127.0.1.1:34161
This client on port 44506 has uuid 7ff2794a-d428-4d98-808a-4775bf682ede configName activator humanReadableName Activator protocolVersion 3 featureTags Vector()
Connected Clients: activator-0d6917ed-025b-4ff0-8dd4-e0cbaea86f4d, activator-7ff2794a-d428-4d98-808a-4775bf682ede
Taking next connection to: 34161
Checking to see if clients are empty...
We have 1 non-daemon clients, continuing serving connections.
Taking next connection to: 34161
New client attempting to connect on port: 44616-34161
  Address = /127.0.1.1:34161
Handshake exception on socket: 44616
sbt.impl.ipc.HandshakeException: Unable to perform handshake
	at sbt.impl.ipc.Peer.handshake(IPC.scala:46)
	at sbt.impl.ipc.MultiClientServer.<init>(IPC.scala:150)
	at sbt.server.SbtServerSocketHandler$$anon$1.run(SbtServerSocketHandler.scala:43)
Caused by: java.net.SocketException: Connection reset
	at java.net.SocketInputStream.read(SocketInputStream.java:209)
	at java.net.SocketInputStream.read(SocketInputStream.java:141)
	at java.io.BufferedInputStream.fill(BufferedInputStream.java:246)
	at java.io.BufferedInputStream.read(BufferedInputStream.java:265)
	at java.io.DataInputStream.readInt(DataInputStream.java:387)
	at sbt.impl.ipc.Peer.receive(IPC.scala:95)
	at sbt.impl.ipc.Peer.handshake(IPC.scala:49)
	... 2 more
Taking next connection to: 34161
New client attempting to connect on port: 44618-34161
  Address = /127.0.1.1:34161
This client on port 44618 has uuid c2474cc1-41ca-4dd6-83e5-a3857ddf93e4 configName play-fork-run humanReadableName Play Fork Run protocolVersion 1 featureTags Vector()
Connected Clients: activator-7ff2794a-d428-4d98-808a-4775bf682ede, play-fork-run-c2474cc1-41ca-4dd6-83e5-a3857ddf93e4
Taking next connection to: 34161
Checking to see if clients are empty...
We have 1 non-daemon clients, continuing serving connections.
Taking next connection to: 34161
Checking to see if clients are empty...
We have 1 non-daemon clients, continuing serving connections.
Taking next connection to: 34161
Checking to see if clients are empty...
We have 1 non-daemon clients, continuing serving connections.
Taking next connection to: 34161
Checking to see if clients are empty...
We have 1 non-daemon clients, continuing serving connections.
Taking next connection to: 34161
Checking to see if clients are empty...
We have 1 non-daemon clients, continuing serving connections.
Taking next connection to: 34161
Checking to see if clients are empty...
We have 1 non-daemon clients, continuing serving connections.
Taking next connection to: 34161
Checking to see if clients are empty...
We have 1 non-daemon clients, continuing serving connections.
Taking next connection to: 34161
Checking to see if clients are empty...
We have 1 non-daemon clients, continuing serving connections.
Taking next connection to: 34161
Checking to see if clients are empty...
We have 1 non-daemon clients, continuing serving connections.
Taking next connection to: 34161
Checking to see if clients are empty...
We have 1 non-daemon clients, continuing serving connections.
Taking next connection to: 34161
Checking to see if clients are empty...
We have 1 non-daemon clients, continuing serving connections.
Taking next connection to: 34161
Checking to see if clients are empty...
We have 1 non-daemon clients, continuing serving connections.
Taking next connection to: 34161
Checking to see if clients are empty...
We have 1 non-daemon clients, continuing serving connections.
Taking next connection to: 34161
