New log file opened at Fri Oct 28 11:09:37 IST 2016 by 3788@zemoso-Lenovo-G580
Sending msg to client play-fork-run-fe3d9a27-b382-41ea-bb81-056511e97bec: DetachedLogEvent(LogMessage(debug,sbt server socket logs are in: /home/zemoso/play/keep/.sbtserver/connections/master.log))
Sending msg to client play-fork-run-fe3d9a27-b382-41ea-bb81-056511e97bec: DetachedLogEvent(LogMessage(debug,sbt general server logs are in: /home/zemoso/play/keep/.sbtserver/master.log))
Sending msg to client play-fork-run-fe3d9a27-b382-41ea-bb81-056511e97bec: DetachedLogEvent(LogMessage(debug,sbt client logs are in: /home/zemoso/play/keep/.sbtserver/connections/play-fork-run-fe3d9a27-b382-41ea-bb81-056511e97bec.log))
Reading next message from client.
Got request: DaemonRequest(true)
Reading next message from client.
Sending msg to client play-fork-run-fe3d9a27-b382-41ea-bb81-056511e97bec: (3,ReceivedResponse())
Got request: ListenToEvents()
Reading next message from client.
Sending msg to client play-fork-run-fe3d9a27-b382-41ea-bb81-056511e97bec: ExecutionWaiting(34,jobStop 4,ClientInfo(3018c6f1-d4aa-46a3-90f0-9055c529742f,activator,Activator,3,Vector()))
Sending msg to client play-fork-run-fe3d9a27-b382-41ea-bb81-056511e97bec: ExecutionStarting(34)
Sending msg to client play-fork-run-fe3d9a27-b382-41ea-bb81-056511e97bec: TaskStarted(34,4272,None)
Sending msg to client play-fork-run-fe3d9a27-b382-41ea-bb81-056511e97bec: ExecutionWaiting(35,backgroundRun,ClientInfo(3018c6f1-d4aa-46a3-90f0-9055c529742f,activator,Activator,3,Vector()))
Sending msg to client play-fork-run-fe3d9a27-b382-41ea-bb81-056511e97bec: BackgroundJobStarted(31,BackgroundJobInfo(4,backgroundRun,AttributeKey[sbt.BackgroundJobHandle]("backgroundRun") in Scope(Build: file:/home/zemoso/play/keep/, , Project: ProjectReference(file:/home/zemoso/play/keep/,root), Config: compile)))
Sending msg to client play-fork-run-fe3d9a27-b382-41ea-bb81-056511e97bec: (4,ReceivedResponse())
Sending msg to client play-fork-run-fe3d9a27-b382-41ea-bb81-056511e97bec: TaskFinished(34,4272,None,true,None)
Sending msg to client play-fork-run-fe3d9a27-b382-41ea-bb81-056511e97bec: TaskStarted(34,4271,None)
Sending msg to client play-fork-run-fe3d9a27-b382-41ea-bb81-056511e97bec: TaskFinished(34,4271,None,true,None)
Sending msg to client play-fork-run-fe3d9a27-b382-41ea-bb81-056511e97bec: DetachedLogEvent(LogMessage(debug,cancel strategy finish enabled=false lastCommand=Some(LastCommand(CommandExecutionWork(ExecutionId(34),jobStop 4,Set(LiveClient(activator 3018c6f1-d4aa-46a3-90f0-9055c529742f)),sbt.server.WorkCancellationStatus$$anon$1@54026471)))))
Sending msg to client play-fork-run-fe3d9a27-b382-41ea-bb81-056511e97bec: DetachedLogEvent(LogSuccess(Total time: 0 s, completed 28 Oct, 2016 11:09:38 AM))
Sending msg to client play-fork-run-fe3d9a27-b382-41ea-bb81-056511e97bec: DetachedLogEvent(LogMessage(debug,> server-post-command-cleanup))
Sending msg to client play-fork-run-fe3d9a27-b382-41ea-bb81-056511e97bec: ExecutionSuccess(34)
Sending msg to client play-fork-run-fe3d9a27-b382-41ea-bb81-056511e97bec: DetachedLogEvent(LogMessage(debug,> server-handle-next-server-request))
Sending msg to client play-fork-run-fe3d9a27-b382-41ea-bb81-056511e97bec: ExecutionStarting(35)
Sending msg to client play-fork-run-fe3d9a27-b382-41ea-bb81-056511e97bec: DetachedLogEvent(LogMessage(debug,> backgroundRun))
Sending msg to client play-fork-run-fe3d9a27-b382-41ea-bb81-056511e97bec: DetachedLogEvent(LogMessage(debug,Evaluating tasks: compile:backgroundRun))
Sending msg to client play-fork-run-fe3d9a27-b382-41ea-bb81-056511e97bec: DetachedLogEvent(LogMessage(debug,Running task... Cancel: sbt.server.ServerTaskCancellation@3c8492eb, check cycles: false))
Sending msg to client play-fork-run-fe3d9a27-b382-41ea-bb81-056511e97bec: DetachedLogEvent(LogMessage(debug,cancel strategy start enabled=true lastCommand=Some(LastCommand(CommandExecutionWork(ExecutionId(35),backgroundRun,Set(LiveClient(activator 3018c6f1-d4aa-46a3-90f0-9055c529742f)),sbt.server.WorkCancellationStatus$$anon$1@25bb10e1)))))
Sending msg to client play-fork-run-fe3d9a27-b382-41ea-bb81-056511e97bec: TaskStarted(35,4279,Some(AttributeKey[scala.collection.Seq[java.lang.String]]("javaOptions") in Scope(Global)))
Got request: UnlistenToEvents()
Reading next message from client.
Sending msg to client play-fork-run-fe3d9a27-b382-41ea-bb81-056511e97bec: (5,ReceivedResponse())
Sending msg to client play-fork-run-fe3d9a27-b382-41ea-bb81-056511e97bec: BackgroundJobLogEvent(3,LogMessage(info,JVM exiting, shutting down Play fork run ...))
Client play-fork-run-fe3d9a27-b382-41ea-bb81-056511e97bec closed, java.net.SocketException: Connection reset, shutting down
Stopping client.
Client play-fork-run-fe3d9a27-b382-41ea-bb81-056511e97bec thread exiting.
Dropping message (0,ReceivedResponse()) to dead client play-fork-run-fe3d9a27-b382-41ea-bb81-056511e97bec
