New log file opened at Wed Oct 12 13:23:55 IST 2016 by 3574@zemoso-Lenovo-G580
Sending msg to client play-fork-run-ee221e96-5607-473d-9605-c394552fd6ed: DetachedLogEvent(LogMessage(debug,sbt server socket logs are in: /home/zemoso/play/todo/.sbtserver/connections/master.log))
Sending msg to client play-fork-run-ee221e96-5607-473d-9605-c394552fd6ed: DetachedLogEvent(LogMessage(debug,sbt general server logs are in: /home/zemoso/play/todo/.sbtserver/master.log))
Sending msg to client play-fork-run-ee221e96-5607-473d-9605-c394552fd6ed: DetachedLogEvent(LogMessage(debug,sbt client logs are in: /home/zemoso/play/todo/.sbtserver/connections/play-fork-run-ee221e96-5607-473d-9605-c394552fd6ed.log))
Reading next message from client.
Got request: DaemonRequest(true)
Reading next message from client.
Sending msg to client play-fork-run-ee221e96-5607-473d-9605-c394552fd6ed: (3,ReceivedResponse())
Got request: ListenToEvents()
Reading next message from client.
Got request: KeyLookupRequest(myProject/playForkConfig)
Reading next message from client.
Sending msg to client play-fork-run-ee221e96-5607-473d-9605-c394552fd6ed: ExecutionWaiting(163,compile,ClientInfo(333e13ea-a3fc-4ab5-8465-bc5cb7d09280,activator,Activator,3,Vector()))
Sending msg to client play-fork-run-ee221e96-5607-473d-9605-c394552fd6ed: ExecutionStarting(163)
Sending msg to client play-fork-run-ee221e96-5607-473d-9605-c394552fd6ed: TaskStarted(163,18955,Some(AttributeKey[scala.collection.Seq[java.lang.String]]("playEbeanModels") in Scope(Build: file:/home/zemoso/play/todo/, , Project: ProjectReference(file:/home/zemoso/play/todo/,myProject), Config: compile)))
Sending msg to client play-fork-run-ee221e96-5607-473d-9605-c394552fd6ed: BackgroundJobStarted(162,BackgroundJobInfo(22,backgroundRun,AttributeKey[sbt.BackgroundJobHandle]("backgroundRun") in Scope(Build: file:/home/zemoso/play/todo/, , Project: ProjectReference(file:/home/zemoso/play/todo/,myProject), Config: compile)))
Sending msg to client play-fork-run-ee221e96-5607-473d-9605-c394552fd6ed: BackgroundJobStarted(157,BackgroundJobInfo(21,backgroundRun,AttributeKey[sbt.BackgroundJobHandle]("backgroundRun") in Scope(Build: file:/home/zemoso/play/todo/, , Project: ProjectReference(file:/home/zemoso/play/todo/,myProject), Config: compile)))
Sending msg to client play-fork-run-ee221e96-5607-473d-9605-c394552fd6ed: (4,ReceivedResponse())
Sending msg to client play-fork-run-ee221e96-5607-473d-9605-c394552fd6ed: (5,KeyLookupResponse(myProject/playForkConfig,Vector(AttributeKey[play.forkrun.protocol.ForkConfig]("playForkConfig") in Scope(Build: file:/home/zemoso/play/todo/, , Project: ProjectReference(file:/home/zemoso/play/todo/,myProject)))))
Got request: ListenToValue(AttributeKey[play.forkrun.protocol.ForkConfig]("playForkConfig") in Scope(Build: file:/home/zemoso/play/todo/, , Project: ProjectReference(file:/home/zemoso/play/todo/,myProject)))
Reading next message from client.
Sending msg to client play-fork-run-ee221e96-5607-473d-9605-c394552fd6ed: (6,ReceivedResponse())
Got request: KeyExecutionRequest(AttributeKey[play.forkrun.protocol.ForkConfig]("playForkConfig") in Scope(Build: file:/home/zemoso/play/todo/, , Project: ProjectReference(file:/home/zemoso/play/todo/,myProject)))
Reading next message from client.
Sending msg to client play-fork-run-ee221e96-5607-473d-9605-c394552fd6ed: (7,ExecutionRequestReceived(164))
Sending msg to client play-fork-run-ee221e96-5607-473d-9605-c394552fd6ed: ExecutionWaiting(164,{file:/home/zemoso/play/todo/}myProject/*:playForkConfig,ClientInfo(ee221e96-5607-473d-9605-c394552fd6ed,play-fork-run,Play Fork Run,1,Vector()))
Sending msg to client play-fork-run-ee221e96-5607-473d-9605-c394552fd6ed: TaskFinished(163,18955,Some(AttributeKey[scala.collection.Seq[java.lang.String]]("playEbeanModels") in Scope(Build: file:/home/zemoso/play/todo/, , Project: ProjectReference(file:/home/zemoso/play/todo/,myProject), Config: compile)),true,None)
Sending msg to client play-fork-run-ee221e96-5607-473d-9605-c394552fd6ed: TaskStarted(163,18905,Some(AttributeKey[sbt.compiler.IC$Result]("manipulateBytecode") in Scope(Build: file:/home/zemoso/play/todo/, , Project: ProjectReference(file:/home/zemoso/play/todo/,myProject), Config: compile)))
Sending msg to client play-fork-run-ee221e96-5607-473d-9605-c394552fd6ed: TaskFinished(163,18905,Some(AttributeKey[sbt.compiler.IC$Result]("manipulateBytecode") in Scope(Build: file:/home/zemoso/play/todo/, , Project: ProjectReference(file:/home/zemoso/play/todo/,myProject), Config: compile)),true,None)
Sending msg to client play-fork-run-ee221e96-5607-473d-9605-c394552fd6ed: TaskStarted(163,18846,Some(AttributeKey[sbt.inc.Analysis]("compile") in Scope(Build: file:/home/zemoso/play/todo/, , Project: ProjectReference(file:/home/zemoso/play/todo/,myProject), Config: compile)))
Sending msg to client play-fork-run-ee221e96-5607-473d-9605-c394552fd6ed: TaskFinished(163,18846,Some(AttributeKey[sbt.inc.Analysis]("compile") in Scope(Build: file:/home/zemoso/play/todo/, , Project: ProjectReference(file:/home/zemoso/play/todo/,myProject), Config: compile)),true,None)
Sending msg to client play-fork-run-ee221e96-5607-473d-9605-c394552fd6ed: TaskStarted(163,18845,None)
Sending msg to client play-fork-run-ee221e96-5607-473d-9605-c394552fd6ed: TaskStarted(163,18977,Some(AttributeKey[scala.collection.Seq[java.lang.String]]("discoveredMainClasses") in Scope(Build: file:/home/zemoso/play/todo/, , Project: ProjectReference(file:/home/zemoso/play/todo/,myProject), Config: compile)))
Sending msg to client play-fork-run-ee221e96-5607-473d-9605-c394552fd6ed: TaskFinished(163,18977,Some(AttributeKey[scala.collection.Seq[java.lang.String]]("discoveredMainClasses") in Scope(Build: file:/home/zemoso/play/todo/, , Project: ProjectReference(file:/home/zemoso/play/todo/,myProject), Config: compile)),true,None)
Sending msg to client play-fork-run-ee221e96-5607-473d-9605-c394552fd6ed: TaskFinished(163,18845,None,true,None)
Sending msg to client play-fork-run-ee221e96-5607-473d-9605-c394552fd6ed: TaskStarted(163,18844,None)
Sending msg to client play-fork-run-ee221e96-5607-473d-9605-c394552fd6ed: TaskFinished(163,18844,None,true,None)
Sending msg to client play-fork-run-ee221e96-5607-473d-9605-c394552fd6ed: DetachedLogEvent(LogMessage(debug,cancel strategy finish enabled=false lastCommand=Some(LastCommand(CommandExecutionWork(ExecutionId(163),compile,Set(LiveClient(activator 333e13ea-a3fc-4ab5-8465-bc5cb7d09280)),sbt.server.WorkCancellationStatus$$anon$1@68b8c858)))))
Sending msg to client play-fork-run-ee221e96-5607-473d-9605-c394552fd6ed: DetachedLogEvent(LogSuccess(Total time: 2 s, completed 12 Oct, 2016 1:23:56 PM))
Sending msg to client play-fork-run-ee221e96-5607-473d-9605-c394552fd6ed: DetachedLogEvent(LogMessage(debug,> server-post-command-cleanup))
Sending msg to client play-fork-run-ee221e96-5607-473d-9605-c394552fd6ed: ExecutionSuccess(163)
Sending msg to client play-fork-run-ee221e96-5607-473d-9605-c394552fd6ed: DetachedLogEvent(LogMessage(debug,> server-handle-next-server-request))
Sending msg to client play-fork-run-ee221e96-5607-473d-9605-c394552fd6ed: ExecutionStarting(164)
Sending msg to client play-fork-run-ee221e96-5607-473d-9605-c394552fd6ed: DetachedLogEvent(LogMessage(debug,> {file:/home/zemoso/play/todo/}myProject/*:playForkConfig))
Sending msg to client play-fork-run-ee221e96-5607-473d-9605-c394552fd6ed: ExecutionWaiting(165,jobStop 21,ClientInfo(333e13ea-a3fc-4ab5-8465-bc5cb7d09280,activator,Activator,3,Vector()))
Sending msg to client play-fork-run-ee221e96-5607-473d-9605-c394552fd6ed: ExecutionWaiting(166,jobStop 22,ClientInfo(333e13ea-a3fc-4ab5-8465-bc5cb7d09280,activator,Activator,3,Vector()))
Sending msg to client play-fork-run-ee221e96-5607-473d-9605-c394552fd6ed: DetachedLogEvent(LogMessage(debug,Evaluating tasks: *:playForkConfig))
Sending msg to client play-fork-run-ee221e96-5607-473d-9605-c394552fd6ed: DetachedLogEvent(LogMessage(debug,Running task... Cancel: sbt.server.ServerTaskCancellation@7ccb05b0, check cycles: false))
Sending msg to client play-fork-run-ee221e96-5607-473d-9605-c394552fd6ed: DetachedLogEvent(LogMessage(debug,cancel strategy start enabled=true lastCommand=Some(LastCommand(CommandExecutionWork(ExecutionId(164),{file:/home/zemoso/play/todo/}myProject/*:playForkConfig,Set(LiveClient(play-fork-run ee221e96-5607-473d-9605-c394552fd6ed)),sbt.server.WorkCancellationStatus$$anon$1@4000f392)))))
Sending msg to client play-fork-run-ee221e96-5607-473d-9605-c394552fd6ed: TaskStarted(164,18985,None)
Sending msg to client play-fork-run-ee221e96-5607-473d-9605-c394552fd6ed: TaskStarted(164,18990,Some(AttributeKey[java.lang.String]("updateCacheName") in Scope(Build: file:/home/zemoso/play/todo/, , Project: ProjectReference(file:/home/zemoso/play/todo/,myProject))))
Sending msg to client play-fork-run-ee221e96-5607-473d-9605-c394552fd6ed: TaskStarted(164,18997,None)
Sending msg to client play-fork-run-ee221e96-5607-473d-9605-c394552fd6ed: TaskStarted(164,19003,Some(AttributeKey[scala.collection.Seq[sbt.Resolver]]("externalResolvers") in Scope(Build: file:/home/zemoso/play/todo/, , Project: ProjectReference(file:/home/zemoso/play/todo/,myProject))))
Sending msg to client play-fork-run-ee221e96-5607-473d-9605-c394552fd6ed: TaskStarted(164,19007,Some(AttributeKey[scala.Option[scala.collection.Seq[sbt.Resolver]]]("bootResolvers") in Scope(Build: file:/home/zemoso/play/todo/, , Project: ProjectReference(file:/home/zemoso/play/todo/,myProject))))
Sending msg to client play-fork-run-ee221e96-5607-473d-9605-c394552fd6ed: TaskStarted(164,19008,Some(AttributeKey[scala.collection.Seq[sbt.Credentials]]("credentials") in Scope(Global)))
Sending msg to client play-fork-run-ee221e96-5607-473d-9605-c394552fd6ed: TaskStarted(164,19009,Some(AttributeKey[boolean]("skip") in Scope(Global)))
Sending msg to client play-fork-run-ee221e96-5607-473d-9605-c394552fd6ed: TaskStarted(164,19016,None)
Sending msg to client play-fork-run-ee221e96-5607-473d-9605-c394552fd6ed: TaskStarted(164,19017,None)
Sending msg to client play-fork-run-ee221e96-5607-473d-9605-c394552fd6ed: TaskStarted(164,19019,None)
Sending msg to client play-fork-run-ee221e96-5607-473d-9605-c394552fd6ed: TaskStarted(164,19020,None)
Sending msg to client play-fork-run-ee221e96-5607-473d-9605-c394552fd6ed: TaskStarted(164,19023,None)
Sending msg to client play-fork-run-ee221e96-5607-473d-9605-c394552fd6ed: TaskStarted(164,19028,Some(AttributeKey[scala.Option[java.lang.String]]("mainClass") in Scope(Build: file:/home/zemoso/play/todo/, , Project: ProjectReference(file:/home/zemoso/play/todo/,myProject), Config: compile, Task: AttributeKey[void]("run"))))
Sending msg to client play-fork-run-ee221e96-5607-473d-9605-c394552fd6ed: TaskStarted(164,19030,Some(AttributeKey[scala.Tuple2[java.lang.String,java.io.File]]("playPrefixAndAssets") in Scope(Build: file:/home/zemoso/play/todo/, , Project: ProjectReference(file:/home/zemoso/play/todo/,myProject))))
Sending msg to client play-fork-run-ee221e96-5607-473d-9605-c394552fd6ed: TaskStarted(164,19032,None)
Sending msg to client play-fork-run-ee221e96-5607-473d-9605-c394552fd6ed: TaskStarted(164,19033,Some(AttributeKey[scala.collection.Seq[java.lang.String]]("javaOptions") in Scope(Global)))
Sending msg to client play-fork-run-ee221e96-5607-473d-9605-c394552fd6ed: TaskStarted(164,19037,None)
Sending msg to client play-fork-run-ee221e96-5607-473d-9605-c394552fd6ed: TaskFinished(164,18990,Some(AttributeKey[java.lang.String]("updateCacheName") in Scope(Build: file:/home/zemoso/play/todo/, , Project: ProjectReference(file:/home/zemoso/play/todo/,myProject))),true,None)
Sending msg to client play-fork-run-ee221e96-5607-473d-9605-c394552fd6ed: TaskFinished(164,18985,None,true,None)
Sending msg to client play-fork-run-ee221e96-5607-473d-9605-c394552fd6ed: TaskStarted(164,18984,None)
Sending msg to client play-fork-run-ee221e96-5607-473d-9605-c394552fd6ed: TaskStarted(164,18999,None)
Sending msg to client play-fork-run-ee221e96-5607-473d-9605-c394552fd6ed: TaskStarted(164,19001,None)
Sending msg to client play-fork-run-ee221e96-5607-473d-9605-c394552fd6ed: TaskStarted(164,19006,None)
Sending msg to client play-fork-run-ee221e96-5607-473d-9605-c394552fd6ed: TaskStarted(164,19012,None)
Sending msg to client play-fork-run-ee221e96-5607-473d-9605-c394552fd6ed: TaskStarted(164,19013,None)
Sending msg to client play-fork-run-ee221e96-5607-473d-9605-c394552fd6ed: TaskStarted(164,19025,None)
Sending msg to client play-fork-run-ee221e96-5607-473d-9605-c394552fd6ed: TaskStarted(164,19027,None)
Sending msg to client play-fork-run-ee221e96-5607-473d-9605-c394552fd6ed: TaskFinished(164,19008,Some(AttributeKey[scala.collection.Seq[sbt.Credentials]]("credentials") in Scope(Global)),true,None)
Sending msg to client play-fork-run-ee221e96-5607-473d-9605-c394552fd6ed: TaskFinished(164,19009,Some(AttributeKey[boolean]("skip") in Scope(Global)),true,None)
Sending msg to client play-fork-run-ee221e96-5607-473d-9605-c394552fd6ed: TaskFinished(164,19016,None,true,None)
Sending msg to client play-fork-run-ee221e96-5607-473d-9605-c394552fd6ed: TaskFinished(164,19017,None,true,None)
Sending msg to client play-fork-run-ee221e96-5607-473d-9605-c394552fd6ed: TaskFinished(164,19019,None,true,None)
Sending msg to client play-fork-run-ee221e96-5607-473d-9605-c394552fd6ed: TaskFinished(164,19020,None,true,None)
Sending msg to client play-fork-run-ee221e96-5607-473d-9605-c394552fd6ed: TaskStarted(164,19018,Some(AttributeKey[scala.collection.Seq[sbt.UpdateReport]]("transitiveUpdate") in Scope(Build: file:/home/zemoso/play/todo/, , Project: ProjectReference(file:/home/zemoso/play/todo/,myProject))))
Sending msg to client play-fork-run-ee221e96-5607-473d-9605-c394552fd6ed: TaskFinished(164,19023,None,true,None)
Sending msg to client play-fork-run-ee221e96-5607-473d-9605-c394552fd6ed: TaskFinished(164,19028,Some(AttributeKey[scala.Option[java.lang.String]]("mainClass") in Scope(Build: file:/home/zemoso/play/todo/, , Project: ProjectReference(file:/home/zemoso/play/todo/,myProject), Config: compile, Task: AttributeKey[void]("run"))),true,None)
Sending msg to client play-fork-run-ee221e96-5607-473d-9605-c394552fd6ed: TaskFinished(164,19030,Some(AttributeKey[scala.Tuple2[java.lang.String,java.io.File]]("playPrefixAndAssets") in Scope(Build: file:/home/zemoso/play/todo/, , Project: ProjectReference(file:/home/zemoso/play/todo/,myProject))),true,None)
Sending msg to client play-fork-run-ee221e96-5607-473d-9605-c394552fd6ed: TaskStarted(164,19029,Some(AttributeKey[scala.collection.Seq[scala.Tuple2[java.lang.String,java.io.File]]]("playAllAssets") in Scope(Build: file:/home/zemoso/play/todo/, , Project: ProjectReference(file:/home/zemoso/play/todo/,myProject))))
Sending msg to client play-fork-run-ee221e96-5607-473d-9605-c394552fd6ed: TaskFinished(164,19032,None,true,None)
Sending msg to client play-fork-run-ee221e96-5607-473d-9605-c394552fd6ed: TaskFinished(164,19033,Some(AttributeKey[scala.collection.Seq[java.lang.String]]("javaOptions") in Scope(Global)),true,None)
Sending msg to client play-fork-run-ee221e96-5607-473d-9605-c394552fd6ed: TaskStarted(164,19031,Some(AttributeKey[scala.collection.Seq[java.lang.String]]("javaOptions") in Scope(Build: file:/home/zemoso/play/todo/, )))
Sending msg to client play-fork-run-ee221e96-5607-473d-9605-c394552fd6ed: TaskFinished(164,19003,Some(AttributeKey[scala.collection.Seq[sbt.Resolver]]("externalResolvers") in Scope(Build: file:/home/zemoso/play/todo/, , Project: ProjectReference(file:/home/zemoso/play/todo/,myProject))),true,None)
Sending msg to client play-fork-run-ee221e96-5607-473d-9605-c394552fd6ed: TaskFinished(164,18984,None,true,None)
Sending msg to client play-fork-run-ee221e96-5607-473d-9605-c394552fd6ed: TaskFinished(164,18997,None,true,None)
Sending msg to client play-fork-run-ee221e96-5607-473d-9605-c394552fd6ed: TaskStarted(164,18996,Some(AttributeKey[sbt.BuildStructure]("buildStructure") in Scope(Global)))
Sending msg to client play-fork-run-ee221e96-5607-473d-9605-c394552fd6ed: TaskStarted(164,19014,Some(AttributeKey[java.io.File]("dependencyCacheDirectory") in Scope(Build: file:/home/zemoso/play/todo/, , Project: ProjectReference(file:/home/zemoso/play/todo/,myProject))))
Sending msg to client play-fork-run-ee221e96-5607-473d-9605-c394552fd6ed: TaskFinished(164,19007,Some(AttributeKey[scala.Option[scala.collection.Seq[sbt.Resolver]]]("bootResolvers") in Scope(Build: file:/home/zemoso/play/todo/, , Project: ProjectReference(file:/home/zemoso/play/todo/,myProject))),true,None)
Sending msg to client play-fork-run-ee221e96-5607-473d-9605-c394552fd6ed: TaskFinished(164,19037,None,true,None)
Sending msg to client play-fork-run-ee221e96-5607-473d-9605-c394552fd6ed: TaskFinished(164,19012,None,true,None)
Sending msg to client play-fork-run-ee221e96-5607-473d-9605-c394552fd6ed: TaskStarted(164,19011,Some(AttributeKey[scala.collection.immutable.Map[sbt.ModuleID,sbt.SourcePosition]]("dependencyPositions") in Scope(Build: file:/home/zemoso/play/todo/, , Project: ProjectReference(file:/home/zemoso/play/todo/,myProject))))
Sending msg to client play-fork-run-ee221e96-5607-473d-9605-c394552fd6ed: TaskFinished(164,19013,None,true,None)
Sending msg to client play-fork-run-ee221e96-5607-473d-9605-c394552fd6ed: TaskFinished(164,19025,None,true,None)
Sending msg to client play-fork-run-ee221e96-5607-473d-9605-c394552fd6ed: TaskFinished(164,19027,None,true,None)
Sending msg to client play-fork-run-ee221e96-5607-473d-9605-c394552fd6ed: TaskFinished(164,19018,Some(AttributeKey[scala.collection.Seq[sbt.UpdateReport]]("transitiveUpdate") in Scope(Build: file:/home/zemoso/play/todo/, , Project: ProjectReference(file:/home/zemoso/play/todo/,myProject))),true,None)
Sending msg to client play-fork-run-ee221e96-5607-473d-9605-c394552fd6ed: TaskFinished(164,19029,Some(AttributeKey[scala.collection.Seq[scala.Tuple2[java.lang.String,java.io.File]]]("playAllAssets") in Scope(Build: file:/home/zemoso/play/todo/, , Project: ProjectReference(file:/home/zemoso/play/todo/,myProject))),true,None)
Sending msg to client play-fork-run-ee221e96-5607-473d-9605-c394552fd6ed: TaskFinished(164,19031,Some(AttributeKey[scala.collection.Seq[java.lang.String]]("javaOptions") in Scope(Build: file:/home/zemoso/play/todo/, )),true,None)
Sending msg to client play-fork-run-ee221e96-5607-473d-9605-c394552fd6ed: TaskFinished(164,18996,Some(AttributeKey[sbt.BuildStructure]("buildStructure") in Scope(Global)),true,None)
Sending msg to client play-fork-run-ee221e96-5607-473d-9605-c394552fd6ed: TaskStarted(164,18995,Some(AttributeKey[sbt.Settings[sbt.Scope]]("settingsData") in Scope(Global)))
Sending msg to client play-fork-run-ee221e96-5607-473d-9605-c394552fd6ed: TaskFinished(164,19014,Some(AttributeKey[java.io.File]("dependencyCacheDirectory") in Scope(Build: file:/home/zemoso/play/todo/, , Project: ProjectReference(file:/home/zemoso/play/todo/,myProject))),true,None)
Sending msg to client play-fork-run-ee221e96-5607-473d-9605-c394552fd6ed: TaskFinished(164,19011,Some(AttributeKey[scala.collection.immutable.Map[sbt.ModuleID,sbt.SourcePosition]]("dependencyPositions") in Scope(Build: file:/home/zemoso/play/todo/, , Project: ProjectReference(file:/home/zemoso/play/todo/,myProject))),true,None)
Sending msg to client play-fork-run-ee221e96-5607-473d-9605-c394552fd6ed: TaskStarted(164,19010,Some(AttributeKey[sbt.UnresolvedWarningConfiguration]("unresolvedWarningConfiguration") in Scope(Build: file:/home/zemoso/play/todo/, , Project: ProjectReference(file:/home/zemoso/play/todo/,myProject), Task: AttributeKey[sbt.UpdateReport]("update"))))
Sending msg to client play-fork-run-ee221e96-5607-473d-9605-c394552fd6ed: TaskFinished(164,18995,Some(AttributeKey[sbt.Settings[sbt.Scope]]("settingsData") in Scope(Global)),true,None)
Sending msg to client play-fork-run-ee221e96-5607-473d-9605-c394552fd6ed: TaskStarted(164,18994,Some(AttributeKey[scala.collection.Seq[sbt.ModuleID]]("projectDependencies") in Scope(Build: file:/home/zemoso/play/todo/, , Project: ProjectReference(file:/home/zemoso/play/todo/,myProject))))
Sending msg to client play-fork-run-ee221e96-5607-473d-9605-c394552fd6ed: TaskStarted(164,19015,None)
Sending msg to client play-fork-run-ee221e96-5607-473d-9605-c394552fd6ed: TaskStarted(164,19026,None)
Sending msg to client play-fork-run-ee221e96-5607-473d-9605-c394552fd6ed: TaskStarted(164,19036,Some(AttributeKey[scala.collection.Seq[java.io.File]]("playMonitoredFiles") in Scope(Build: file:/home/zemoso/play/todo/, , Project: ProjectReference(file:/home/zemoso/play/todo/,myProject))))
Sending msg to client play-fork-run-ee221e96-5607-473d-9605-c394552fd6ed: TaskFinished(164,19010,Some(AttributeKey[sbt.UnresolvedWarningConfiguration]("unresolvedWarningConfiguration") in Scope(Build: file:/home/zemoso/play/todo/, , Project: ProjectReference(file:/home/zemoso/play/todo/,myProject), Task: AttributeKey[sbt.UpdateReport]("update"))),true,None)
Sending msg to client play-fork-run-ee221e96-5607-473d-9605-c394552fd6ed: TaskFinished(164,18994,Some(AttributeKey[scala.collection.Seq[sbt.ModuleID]]("projectDependencies") in Scope(Build: file:/home/zemoso/play/todo/, , Project: ProjectReference(file:/home/zemoso/play/todo/,myProject))),true,None)
Sending msg to client play-fork-run-ee221e96-5607-473d-9605-c394552fd6ed: TaskStarted(164,18993,Some(AttributeKey[scala.collection.Seq[sbt.ModuleID]]("allDependencies") in Scope(Build: file:/home/zemoso/play/todo/, , Project: ProjectReference(file:/home/zemoso/play/todo/,myProject))))
Sending msg to client play-fork-run-ee221e96-5607-473d-9605-c394552fd6ed: TaskStarted(164,19038,None)
Sending msg to client play-fork-run-ee221e96-5607-473d-9605-c394552fd6ed: TaskStarted(164,19042,None)
Sending msg to client play-fork-run-ee221e96-5607-473d-9605-c394552fd6ed: TaskStarted(164,19043,None)
Sending msg to client play-fork-run-ee221e96-5607-473d-9605-c394552fd6ed: TaskStarted(164,19046,None)
Sending msg to client play-fork-run-ee221e96-5607-473d-9605-c394552fd6ed: TaskStarted(164,19047,None)
Sending msg to client play-fork-run-ee221e96-5607-473d-9605-c394552fd6ed: TaskStarted(164,19049,None)
Sending msg to client play-fork-run-ee221e96-5607-473d-9605-c394552fd6ed: TaskStarted(164,19050,None)
Sending msg to client play-fork-run-ee221e96-5607-473d-9605-c394552fd6ed: TaskFinished(164,18993,Some(AttributeKey[scala.collection.Seq[sbt.ModuleID]]("allDependencies") in Scope(Build: file:/home/zemoso/play/todo/, , Project: ProjectReference(file:/home/zemoso/play/todo/,myProject))),true,None)
Sending msg to client play-fork-run-ee221e96-5607-473d-9605-c394552fd6ed: TaskStarted(164,18992,Some(AttributeKey[sbt.ModuleSettings]("moduleSettings") in Scope(Build: file:/home/zemoso/play/todo/, , Project: ProjectReference(file:/home/zemoso/play/todo/,myProject))))
Sending msg to client play-fork-run-ee221e96-5607-473d-9605-c394552fd6ed: TaskFinished(164,19038,None,true,None)
Sending msg to client play-fork-run-ee221e96-5607-473d-9605-c394552fd6ed: TaskFinished(164,19015,None,true,None)
Sending msg to client play-fork-run-ee221e96-5607-473d-9605-c394552fd6ed: TaskFinished(164,19042,None,true,None)
Sending msg to client play-fork-run-ee221e96-5607-473d-9605-c394552fd6ed: TaskFinished(164,19043,None,true,None)
Sending msg to client play-fork-run-ee221e96-5607-473d-9605-c394552fd6ed: TaskStarted(164,19041,Some(AttributeKey[scala.collection.Seq[sbt.Attributed[java.io.File]]]("unmanagedJars") in Scope(Build: file:/home/zemoso/play/todo/, , Project: ProjectReference(file:/home/zemoso/play/todo/,myProject), Config: runtime)))
Sending msg to client play-fork-run-ee221e96-5607-473d-9605-c394552fd6ed: TaskFinished(164,19046,None,true,None)
Sending msg to client play-fork-run-ee221e96-5607-473d-9605-c394552fd6ed: TaskFinished(164,19047,None,true,None)
Sending msg to client play-fork-run-ee221e96-5607-473d-9605-c394552fd6ed: TaskStarted(164,19045,Some(AttributeKey[scala.collection.Seq[sbt.Attributed[java.io.File]]]("unmanagedJars") in Scope(Build: file:/home/zemoso/play/todo/, , Project: ProjectReference(file:/home/zemoso/play/todo/,myProject), Config: compile)))
Sending msg to client play-fork-run-ee221e96-5607-473d-9605-c394552fd6ed: TaskFinished(164,19049,None,true,None)
Sending msg to client play-fork-run-ee221e96-5607-473d-9605-c394552fd6ed: TaskStarted(164,19048,None)
Sending msg to client play-fork-run-ee221e96-5607-473d-9605-c394552fd6ed: TaskFinished(164,19050,None,true,None)
Sending msg to client play-fork-run-ee221e96-5607-473d-9605-c394552fd6ed: TaskFinished(164,19036,Some(AttributeKey[scala.collection.Seq[java.io.File]]("playMonitoredFiles") in Scope(Build: file:/home/zemoso/play/todo/, , Project: ProjectReference(file:/home/zemoso/play/todo/,myProject))),true,None)
Sending msg to client play-fork-run-ee221e96-5607-473d-9605-c394552fd6ed: TaskFinished(164,18992,Some(AttributeKey[sbt.ModuleSettings]("moduleSettings") in Scope(Build: file:/home/zemoso/play/todo/, , Project: ProjectReference(file:/home/zemoso/play/todo/,myProject))),true,None)
Sending msg to client play-fork-run-ee221e96-5607-473d-9605-c394552fd6ed: TaskFinished(164,19041,Some(AttributeKey[scala.collection.Seq[sbt.Attributed[java.io.File]]]("unmanagedJars") in Scope(Build: file:/home/zemoso/play/todo/, , Project: ProjectReference(file:/home/zemoso/play/todo/,myProject), Config: runtime)),true,None)
Sending msg to client play-fork-run-ee221e96-5607-473d-9605-c394552fd6ed: TaskFinished(164,19045,Some(AttributeKey[scala.collection.Seq[sbt.Attributed[java.io.File]]]("unmanagedJars") in Scope(Build: file:/home/zemoso/play/todo/, , Project: ProjectReference(file:/home/zemoso/play/todo/,myProject), Config: compile)),true,None)
Sending msg to client play-fork-run-ee221e96-5607-473d-9605-c394552fd6ed: TaskStarted(164,19051,None)
Sending msg to client play-fork-run-ee221e96-5607-473d-9605-c394552fd6ed: TaskFinished(164,18999,None,true,None)
Sending msg to client play-fork-run-ee221e96-5607-473d-9605-c394552fd6ed: TaskFinished(164,19006,None,true,None)
Sending msg to client play-fork-run-ee221e96-5607-473d-9605-c394552fd6ed: TaskStarted(164,19005,Some(AttributeKey[scala.collection.immutable.Map[org.apache.ivy.core.module.id.ModuleRevisionId,org.apache.ivy.core.module.descriptor.ModuleDescriptor]]("projectDescriptors") in Scope(Build: file:/home/zemoso/play/todo/, , Project: ProjectReference(file:/home/zemoso/play/todo/,myProject))))
Sending msg to client play-fork-run-ee221e96-5607-473d-9605-c394552fd6ed: TaskFinished(164,19001,None,true,None)
Sending msg to client play-fork-run-ee221e96-5607-473d-9605-c394552fd6ed: TaskFinished(164,19051,None,true,None)
Sending msg to client play-fork-run-ee221e96-5607-473d-9605-c394552fd6ed: TaskFinished(164,19048,None,true,None)
Sending msg to client play-fork-run-ee221e96-5607-473d-9605-c394552fd6ed: TaskStarted(164,19044,Some(AttributeKey[scala.collection.Seq[sbt.Attributed[java.io.File]]]("unmanagedJars") in Scope(Build: file:/home/zemoso/play/todo/, , Project: ProjectReference(file:/home/zemoso/play/todo/,myProject), Config: compile)))
Sending msg to client play-fork-run-ee221e96-5607-473d-9605-c394552fd6ed: TaskStarted(164,19053,None)
Sending msg to client play-fork-run-ee221e96-5607-473d-9605-c394552fd6ed: TaskFinished(164,19044,Some(AttributeKey[scala.collection.Seq[sbt.Attributed[java.io.File]]]("unmanagedJars") in Scope(Build: file:/home/zemoso/play/todo/, , Project: ProjectReference(file:/home/zemoso/play/todo/,myProject), Config: compile)),true,None)
Sending msg to client play-fork-run-ee221e96-5607-473d-9605-c394552fd6ed: TaskStarted(164,19040,None)
Sending msg to client play-fork-run-ee221e96-5607-473d-9605-c394552fd6ed: TaskFinished(164,19053,None,true,None)
Sending msg to client play-fork-run-ee221e96-5607-473d-9605-c394552fd6ed: TaskStarted(164,19052,None)
Sending msg to client play-fork-run-ee221e96-5607-473d-9605-c394552fd6ed: TaskFinished(164,19040,None,true,None)
Sending msg to client play-fork-run-ee221e96-5607-473d-9605-c394552fd6ed: TaskStarted(164,19039,None)
Sending msg to client play-fork-run-ee221e96-5607-473d-9605-c394552fd6ed: TaskFinished(164,19052,None,true,None)
Sending msg to client play-fork-run-ee221e96-5607-473d-9605-c394552fd6ed: TaskFinished(164,19005,Some(AttributeKey[scala.collection.immutable.Map[org.apache.ivy.core.module.id.ModuleRevisionId,org.apache.ivy.core.module.descriptor.ModuleDescriptor]]("projectDescriptors") in Scope(Build: file:/home/zemoso/play/todo/, , Project: ProjectReference(file:/home/zemoso/play/todo/,myProject))),true,None)
Sending msg to client play-fork-run-ee221e96-5607-473d-9605-c394552fd6ed: TaskStarted(164,19004,Some(AttributeKey[sbt.Resolver]("projectResolver") in Scope(Build: file:/home/zemoso/play/todo/, , Project: ProjectReference(file:/home/zemoso/play/todo/,myProject))))
Sending msg to client play-fork-run-ee221e96-5607-473d-9605-c394552fd6ed: TaskFinished(164,19039,None,true,None)
Sending msg to client play-fork-run-ee221e96-5607-473d-9605-c394552fd6ed: TaskFinished(164,19026,None,true,None)
Sending msg to client play-fork-run-ee221e96-5607-473d-9605-c394552fd6ed: TaskStarted(164,19024,Some(AttributeKey[scala.collection.Seq[sbt.Attributed[java.io.File]]]("unmanagedClasspath") in Scope(Build: file:/home/zemoso/play/todo/, , Project: ProjectReference(file:/home/zemoso/play/todo/,myProject), Config: runtime)))
Sending msg to client play-fork-run-ee221e96-5607-473d-9605-c394552fd6ed: TaskFinished(164,19004,Some(AttributeKey[sbt.Resolver]("projectResolver") in Scope(Build: file:/home/zemoso/play/todo/, , Project: ProjectReference(file:/home/zemoso/play/todo/,myProject))),true,None)
Sending msg to client play-fork-run-ee221e96-5607-473d-9605-c394552fd6ed: TaskStarted(164,19002,Some(AttributeKey[scala.collection.Seq[sbt.Resolver]]("fullResolvers") in Scope(Build: file:/home/zemoso/play/todo/, , Project: ProjectReference(file:/home/zemoso/play/todo/,myProject))))
Sending msg to client play-fork-run-ee221e96-5607-473d-9605-c394552fd6ed: TaskFinished(164,19024,Some(AttributeKey[scala.collection.Seq[sbt.Attributed[java.io.File]]]("unmanagedClasspath") in Scope(Build: file:/home/zemoso/play/todo/, , Project: ProjectReference(file:/home/zemoso/play/todo/,myProject), Config: runtime)),true,None)
Sending msg to client play-fork-run-ee221e96-5607-473d-9605-c394552fd6ed: TaskFinished(164,19002,Some(AttributeKey[scala.collection.Seq[sbt.Resolver]]("fullResolvers") in Scope(Build: file:/home/zemoso/play/todo/, , Project: ProjectReference(file:/home/zemoso/play/todo/,myProject))),true,None)
Sending msg to client play-fork-run-ee221e96-5607-473d-9605-c394552fd6ed: TaskStarted(164,19000,Some(AttributeKey[sbt.IvyConfiguration]("ivyConfiguration") in Scope(Build: file:/home/zemoso/play/todo/, , Project: ProjectReference(file:/home/zemoso/play/todo/,myProject))))
Sending msg to client play-fork-run-ee221e96-5607-473d-9605-c394552fd6ed: TaskFinished(164,19000,Some(AttributeKey[sbt.IvyConfiguration]("ivyConfiguration") in Scope(Build: file:/home/zemoso/play/todo/, , Project: ProjectReference(file:/home/zemoso/play/todo/,myProject))),true,None)
Sending msg to client play-fork-run-ee221e96-5607-473d-9605-c394552fd6ed: TaskStarted(164,18998,Some(AttributeKey[sbt.IvySbt]("ivySbt") in Scope(Build: file:/home/zemoso/play/todo/, , Project: ProjectReference(file:/home/zemoso/play/todo/,myProject))))
Sending msg to client play-fork-run-ee221e96-5607-473d-9605-c394552fd6ed: TaskFinished(164,18998,Some(AttributeKey[sbt.IvySbt]("ivySbt") in Scope(Build: file:/home/zemoso/play/todo/, , Project: ProjectReference(file:/home/zemoso/play/todo/,myProject))),true,None)
Sending msg to client play-fork-run-ee221e96-5607-473d-9605-c394552fd6ed: TaskStarted(164,18991,Some(AttributeKey[sbt.IvySbt$Module]("ivyModule") in Scope(Build: file:/home/zemoso/play/todo/, , Project: ProjectReference(file:/home/zemoso/play/todo/,myProject))))
Sending msg to client play-fork-run-ee221e96-5607-473d-9605-c394552fd6ed: TaskFinished(164,18991,Some(AttributeKey[sbt.IvySbt$Module]("ivyModule") in Scope(Build: file:/home/zemoso/play/todo/, , Project: ProjectReference(file:/home/zemoso/play/todo/,myProject))),true,None)
Sending msg to client play-fork-run-ee221e96-5607-473d-9605-c394552fd6ed: TaskStarted(164,18989,Some(AttributeKey[sbt.UpdateReport]("update") in Scope(Build: file:/home/zemoso/play/todo/, , Project: ProjectReference(file:/home/zemoso/play/todo/,myProject))))
Sending msg to client play-fork-run-ee221e96-5607-473d-9605-c394552fd6ed: DetachedLogEvent(LogMessage(debug,cancel strategy cancel() with enabled=true lastCommand=Some(LastCommand(CommandExecutionWork(ExecutionId(164),{file:/home/zemoso/play/todo/}myProject/*:playForkConfig,Set(LiveClient(play-fork-run ee221e96-5607-473d-9605-c394552fd6ed)),sbt.server.WorkCancellationStatus$$anon$1@4000f392)))))
Sending msg to client play-fork-run-ee221e96-5607-473d-9605-c394552fd6ed: TaskLogEvent(18989,LogStdOut())
Sending msg to client play-fork-run-ee221e96-5607-473d-9605-c394552fd6ed: TaskLogEvent(18989,LogMessage(warn,Canceling execution...))
Sending msg to client play-fork-run-ee221e96-5607-473d-9605-c394552fd6ed: ExecutionWaiting(167,backgroundRun,ClientInfo(333e13ea-a3fc-4ab5-8465-bc5cb7d09280,activator,Activator,3,Vector()))
Sending msg to client play-fork-run-ee221e96-5607-473d-9605-c394552fd6ed: BackgroundJobLogEvent(21,LogMessage(info,JVM exiting, shutting down Play fork run ...))
Sending msg to client play-fork-run-ee221e96-5607-473d-9605-c394552fd6ed: BackgroundJobLogEvent(21,LogMessage(info,Play fork run already stopped ...))
Sending msg to client play-fork-run-ee221e96-5607-473d-9605-c394552fd6ed: TaskFinished(164,18989,Some(AttributeKey[sbt.UpdateReport]("update") in Scope(Build: file:/home/zemoso/play/todo/, , Project: ProjectReference(file:/home/zemoso/play/todo/,myProject))),true,None)
Sending msg to client play-fork-run-ee221e96-5607-473d-9605-c394552fd6ed: TaskStarted(164,18988,Some(AttributeKey[sbt.UpdateReport]("update") in Scope(Build: file:/home/zemoso/play/todo/, , Project: ProjectReference(file:/home/zemoso/play/todo/,myProject))))
Sending msg to client play-fork-run-ee221e96-5607-473d-9605-c394552fd6ed: DetachedLogEvent(LogMessage(debug,cancel strategy finish enabled=false lastCommand=Some(LastCommand(CommandExecutionWork(ExecutionId(164),{file:/home/zemoso/play/todo/}myProject/*:playForkConfig,Set(LiveClient(play-fork-run ee221e96-5607-473d-9605-c394552fd6ed)),sbt.server.WorkCancellationStatus$$anon$1@4000f392)))))
Sending msg to client play-fork-run-ee221e96-5607-473d-9605-c394552fd6ed: BackgroundJobLogEvent(21,LogMessage(info,Forked Play process exited with status: 0))
Sending msg to client play-fork-run-ee221e96-5607-473d-9605-c394552fd6ed: BackgroundJobFinished(157,21)
Sending msg to client play-fork-run-ee221e96-5607-473d-9605-c394552fd6ed: DetachedLogEvent(LogTrace(RejectedExecutionException,Task java.util.concurrent.ExecutorCompletionService$QueueingFuture@6a84e4c2 rejected from java.util.concurrent.ThreadPoolExecutor@5e4dacde[Terminated, pool size = 0, active threads = 0, queued tasks = 0, completed tasks = 63]))
Sending msg to client play-fork-run-ee221e96-5607-473d-9605-c394552fd6ed: DetachedLogEvent(LogMessage(error,java.util.concurrent.RejectedExecutionException: Task java.util.concurrent.ExecutorCompletionService$QueueingFuture@6a84e4c2 rejected from java.util.concurrent.ThreadPoolExecutor@5e4dacde[Terminated, pool size = 0, active threads = 0, queued tasks = 0, completed tasks = 63]))
Sending msg to client play-fork-run-ee221e96-5607-473d-9605-c394552fd6ed: DetachedLogEvent(LogMessage(error,Use 'last' for the full log.))
Sending msg to client play-fork-run-ee221e96-5607-473d-9605-c394552fd6ed: DetachedLogEvent(LogMessage(debug,> server-post-command-error-handler))
Sending msg to client play-fork-run-ee221e96-5607-473d-9605-c394552fd6ed: ExecutionFailure(164)
Sending msg to client play-fork-run-ee221e96-5607-473d-9605-c394552fd6ed: DetachedLogEvent(LogMessage(debug,> server-post-command-cleanup))
Sending msg to client play-fork-run-ee221e96-5607-473d-9605-c394552fd6ed: DetachedLogEvent(LogMessage(debug,> server-handle-next-server-request))
Sending msg to client play-fork-run-ee221e96-5607-473d-9605-c394552fd6ed: ExecutionStarting(165)
Sending msg to client play-fork-run-ee221e96-5607-473d-9605-c394552fd6ed: DetachedLogEvent(LogMessage(debug,> jobStop 21))
Sending msg to client play-fork-run-ee221e96-5607-473d-9605-c394552fd6ed: DetachedLogEvent(LogMessage(debug,Evaluating tasks: *:jobStop))
Sending msg to client play-fork-run-ee221e96-5607-473d-9605-c394552fd6ed: DetachedLogEvent(LogMessage(debug,Running task... Cancel: sbt.server.ServerTaskCancellation@60187a68, check cycles: false))
Sending msg to client play-fork-run-ee221e96-5607-473d-9605-c394552fd6ed: DetachedLogEvent(LogMessage(debug,cancel strategy start enabled=true lastCommand=Some(LastCommand(CommandExecutionWork(ExecutionId(165),jobStop 21,Set(LiveClient(activator 333e13ea-a3fc-4ab5-8465-bc5cb7d09280)),sbt.server.WorkCancellationStatus$$anon$1@14be295c)))))
Sending msg to client play-fork-run-ee221e96-5607-473d-9605-c394552fd6ed: TaskStarted(165,19056,Some(AttributeKey[void]("jobStop") in Scope(Global)))
Sending msg to client play-fork-run-ee221e96-5607-473d-9605-c394552fd6ed: TaskFinished(165,19056,Some(AttributeKey[void]("jobStop") in Scope(Global)),true,None)
Sending msg to client play-fork-run-ee221e96-5607-473d-9605-c394552fd6ed: TaskStarted(165,19055,None)
Sending msg to client play-fork-run-ee221e96-5607-473d-9605-c394552fd6ed: TaskFinished(165,19055,None,true,None)
Sending msg to client play-fork-run-ee221e96-5607-473d-9605-c394552fd6ed: TaskStarted(165,19054,None)
Sending msg to client play-fork-run-ee221e96-5607-473d-9605-c394552fd6ed: TaskFinished(165,19054,None,true,None)
Sending msg to client play-fork-run-ee221e96-5607-473d-9605-c394552fd6ed: DetachedLogEvent(LogMessage(debug,cancel strategy finish enabled=false lastCommand=Some(LastCommand(CommandExecutionWork(ExecutionId(165),jobStop 21,Set(LiveClient(activator 333e13ea-a3fc-4ab5-8465-bc5cb7d09280)),sbt.server.WorkCancellationStatus$$anon$1@14be295c)))))
Sending msg to client play-fork-run-ee221e96-5607-473d-9605-c394552fd6ed: DetachedLogEvent(LogSuccess(Total time: 0 s, completed 12 Oct, 2016 1:23:56 PM))
Sending msg to client play-fork-run-ee221e96-5607-473d-9605-c394552fd6ed: DetachedLogEvent(LogMessage(debug,> server-post-command-cleanup))
Sending msg to client play-fork-run-ee221e96-5607-473d-9605-c394552fd6ed: ExecutionSuccess(165)
Sending msg to client play-fork-run-ee221e96-5607-473d-9605-c394552fd6ed: DetachedLogEvent(LogMessage(debug,> server-handle-next-server-request))
Sending msg to client play-fork-run-ee221e96-5607-473d-9605-c394552fd6ed: BackgroundJobLogEvent(22,LogMessage(warn,Canceling execution...))
Sending msg to client play-fork-run-ee221e96-5607-473d-9605-c394552fd6ed: ExecutionStarting(166)
Sending msg to client play-fork-run-ee221e96-5607-473d-9605-c394552fd6ed: DetachedLogEvent(LogMessage(debug,> jobStop 22))
Sending msg to client play-fork-run-ee221e96-5607-473d-9605-c394552fd6ed: DetachedLogEvent(LogMessage(debug,Evaluating tasks: *:jobStop))
Sending msg to client play-fork-run-ee221e96-5607-473d-9605-c394552fd6ed: DetachedLogEvent(LogMessage(debug,Running task... Cancel: sbt.server.ServerTaskCancellation@7160b925, check cycles: false))
Sending msg to client play-fork-run-ee221e96-5607-473d-9605-c394552fd6ed: DetachedLogEvent(LogMessage(debug,cancel strategy start enabled=true lastCommand=Some(LastCommand(CommandExecutionWork(ExecutionId(166),jobStop 22,Set(LiveClient(activator 333e13ea-a3fc-4ab5-8465-bc5cb7d09280)),sbt.server.WorkCancellationStatus$$anon$1@d3eab53)))))
Sending msg to client play-fork-run-ee221e96-5607-473d-9605-c394552fd6ed: TaskStarted(166,19059,Some(AttributeKey[void]("jobStop") in Scope(Global)))
Sending msg to client play-fork-run-ee221e96-5607-473d-9605-c394552fd6ed: TaskFinished(166,19059,Some(AttributeKey[void]("jobStop") in Scope(Global)),true,None)
Sending msg to client play-fork-run-ee221e96-5607-473d-9605-c394552fd6ed: TaskStarted(166,19058,None)
Sending msg to client play-fork-run-ee221e96-5607-473d-9605-c394552fd6ed: BackgroundJobLogEvent(22,LogMessage(info,Stopping Play fork run ...))
Sending msg to client play-fork-run-ee221e96-5607-473d-9605-c394552fd6ed: TaskFinished(166,19058,None,true,None)
Sending msg to client play-fork-run-ee221e96-5607-473d-9605-c394552fd6ed: TaskStarted(166,19057,None)
Sending msg to client play-fork-run-ee221e96-5607-473d-9605-c394552fd6ed: TaskFinished(166,19057,None,true,None)
Sending msg to client play-fork-run-ee221e96-5607-473d-9605-c394552fd6ed: DetachedLogEvent(LogMessage(debug,cancel strategy finish enabled=false lastCommand=Some(LastCommand(CommandExecutionWork(ExecutionId(166),jobStop 22,Set(LiveClient(activator 333e13ea-a3fc-4ab5-8465-bc5cb7d09280)),sbt.server.WorkCancellationStatus$$anon$1@d3eab53)))))
Sending msg to client play-fork-run-ee221e96-5607-473d-9605-c394552fd6ed: DetachedLogEvent(LogSuccess(Total time: 0 s, completed 12 Oct, 2016 1:23:56 PM))
Sending msg to client play-fork-run-ee221e96-5607-473d-9605-c394552fd6ed: DetachedLogEvent(LogMessage(debug,> server-post-command-cleanup))
Sending msg to client play-fork-run-ee221e96-5607-473d-9605-c394552fd6ed: ExecutionSuccess(166)
Sending msg to client play-fork-run-ee221e96-5607-473d-9605-c394552fd6ed: DetachedLogEvent(LogMessage(debug,> server-handle-next-server-request))
Sending msg to client play-fork-run-ee221e96-5607-473d-9605-c394552fd6ed: ExecutionStarting(167)
Sending msg to client play-fork-run-ee221e96-5607-473d-9605-c394552fd6ed: DetachedLogEvent(LogMessage(debug,> backgroundRun))
Sending msg to client play-fork-run-ee221e96-5607-473d-9605-c394552fd6ed: DetachedLogEvent(LogMessage(debug,Evaluating tasks: compile:backgroundRun))
Sending msg to client play-fork-run-ee221e96-5607-473d-9605-c394552fd6ed: DetachedLogEvent(LogMessage(debug,Running task... Cancel: sbt.server.ServerTaskCancellation@4066f8e5, check cycles: false))
Sending msg to client play-fork-run-ee221e96-5607-473d-9605-c394552fd6ed: DetachedLogEvent(LogMessage(debug,cancel strategy start enabled=true lastCommand=Some(LastCommand(CommandExecutionWork(ExecutionId(167),backgroundRun,Set(LiveClient(activator 333e13ea-a3fc-4ab5-8465-bc5cb7d09280)),sbt.server.WorkCancellationStatus$$anon$1@294d6b0d)))))
Sending msg to client play-fork-run-ee221e96-5607-473d-9605-c394552fd6ed: TaskStarted(167,19065,None)
Sending msg to client play-fork-run-ee221e96-5607-473d-9605-c394552fd6ed: TaskStarted(167,19066,Some(AttributeKey[scala.collection.Seq[java.lang.String]]("javaOptions") in Scope(Global)))
Got request: UnlistenToEvents()
Reading next message from client.
Sending msg to client play-fork-run-ee221e96-5607-473d-9605-c394552fd6ed: (8,ReceivedResponse())
Sending msg to client play-fork-run-ee221e96-5607-473d-9605-c394552fd6ed: TaskStarted(167,19070,Some(AttributeKey[java.lang.String]("updateCacheName") in Scope(Build: file:/home/zemoso/play/todo/, , Project: ProjectReference(file:/home/zemoso/play/todo/,myProject))))
Got request: UnlistenToValue(AttributeKey[play.forkrun.protocol.ForkConfig]("playForkConfig") in Scope(Build: file:/home/zemoso/play/todo/, , Project: ProjectReference(file:/home/zemoso/play/todo/,myProject)))
Reading next message from client.
Client play-fork-run-ee221e96-5607-473d-9605-c394552fd6ed closed, java.net.SocketException: Connection reset, shutting down
Stopping client.
Client play-fork-run-ee221e96-5607-473d-9605-c394552fd6ed thread exiting.
Dropping message (9,ReceivedResponse()) to dead client play-fork-run-ee221e96-5607-473d-9605-c394552fd6ed
Dropping message (0,ReceivedResponse()) to dead client play-fork-run-ee221e96-5607-473d-9605-c394552fd6ed
